<?xml version="1.0" encoding="UTF-8"?>
<!-- Generated by org.testng.reporters.JUnitReportReporter -->
<testsuite hostname="Dell-PC" name="testcases.LoginTestCases" tests="1" failures="0" timestamp="3 Feb 2017 08:36:32 GMT" time="27.292" errors="0">
  <testcase name="LoginTC02" time="27.292" classname="testcases.LoginTestCases"/>
</testsuite> <!-- testcases.LoginTestCases -->
