<?xml version="1.0" encoding="UTF-8"?>
<!-- Generated by org.testng.reporters.JUnitReportReporter -->
<testsuite hostname="Dell-PC" name="testcases.loginTestCases" tests="1" failures="0" timestamp="24 Dec 2016 15:20:07 GMT" time="14.236" errors="0">
  <testcase name="LoginTC01" time="14.236" classname="testcases.loginTestCases"/>
</testsuite> <!-- testcases.loginTestCases -->
