<?xml version="1.0" encoding="UTF-8"?>
<!-- Generated by org.testng.reporters.JUnitReportReporter -->
<testsuite hostname="Dell-PC" name="testcases.LoginTestCases" tests="1" failures="0" timestamp="16 Jan 2017 18:44:49 GMT" time="7.724" errors="0">
  <testcase name="LoginTC01" time="7.724" classname="testcases.LoginTestCases"/>
</testsuite> <!-- testcases.LoginTestCases -->
