<?xml version="1.0" encoding="UTF-8"?>
<!-- Generated by org.testng.reporters.JUnitReportReporter -->
<testsuite hostname="Dell-PC" name="testcases.test" tests="2" failures="0" timestamp="3 Feb 2017 08:01:28 GMT" time="0.023" errors="0">
  <testcase name="testMethodsTwo" time="0.004" classname="testcases.test"/>
  <testcase name="testMethodsOne" time="0.019" classname="testcases.test"/>
</testsuite> <!-- testcases.test -->
