<?xml version="1.0" encoding="UTF-8"?>
<!-- Generated by org.testng.reporters.JUnitReportReporter -->
<testsuite hostname="Dell-PC" name="testcases.LoginTestCases" tests="1" failures="0" timestamp="20 Jan 2017 15:52:34 GMT" time="16.733" errors="0">
  <testcase name="LoginTC01" time="16.733" classname="testcases.LoginTestCases"/>
</testsuite> <!-- testcases.LoginTestCases -->
