<?xml version="1.0" encoding="UTF-8"?>
<!-- Generated by org.testng.reporters.JUnitReportReporter -->
<testsuite hostname="Dell-PC" name="testcases.LoginTestCases" tests="1" failures="0" timestamp="5 Jan 2017 14:53:08 GMT" time="18.119" errors="0">
  <testcase name="LoginTC01" time="18.119" classname="testcases.LoginTestCases"/>
</testsuite> <!-- testcases.LoginTestCases -->
